<?xml version="1.0" encoding="UTF-8"?>
<!-- Generated by org.testng.reporters.JUnitReportReporter -->
<testsuite hostname="Arti" failures="0" tests="1" name="com.qa.brightHr.tests.Test_MultiEmployeeCreation" time="48.749" errors="0" timestamp="2025-03-13T12:30:48 GMT" skipped="0">
  <testcase classname="com.qa.brightHr.tests.Test_MultiEmployeeCreation" name="verifyMultiEmployeeCreation" time="48.749"/>
</testsuite> <!-- com.qa.brightHr.tests.Test_MultiEmployeeCreation -->
