<?xml version="1.0" encoding="UTF-8"?>
<!-- Generated by org.testng.reporters.JUnitReportReporter -->
<testsuite hostname="Arti" failures="0" tests="1" name="com.qa.brightHr.tests.Test_MultiEmployeeCreation" time="15.161" errors="0" timestamp="2025-03-13T03:15:10 GMT" skipped="0">
  <testcase classname="com.qa.brightHr.tests.Test_MultiEmployeeCreation" name="verifyMultiEmployeeCreation" time="15.161"/>
</testsuite> <!-- com.qa.brightHr.tests.Test_MultiEmployeeCreation -->
